<?xml version="1.0" encoding="UTF-8"?>
<!-- Generated by org.testng.reporters.JUnitReportReporter -->
<testsuite hostname="LAPTOP-F2JLQUBU" failures="0" tests="1" name="com.zero.webappsecurity.TestScripts.VerifyInvalidLoginTest" time="4.227" errors="0" timestamp="21 Feb 2020 18:50:54 GMT">
  <testcase classname="com.zero.webappsecurity.TestScripts.VerifyInvalidLoginTest" name="verifyInvalidLogin" time="4.227"/>
</testsuite> <!-- com.zero.webappsecurity.TestScripts.VerifyInvalidLoginTest -->
