<?xml version="1.0" encoding="UTF-8"?>
<!-- Generated by org.testng.reporters.JUnitReportReporter -->
<testsuite hostname="LAPTOP-F2JLQUBU" failures="0" tests="1" name="keywordDriven.Application" time="13.871" errors="0" timestamp="22 Feb 2020 23:22:40 GMT">
  <testcase classname="keywordDriven.Application" name="getTextExe" time="13.871"/>
</testsuite> <!-- keywordDriven.Application -->
